0 info it worked if it ends with ok
1 verbose cli [ '/usr/local/Cellar/node/0.10.22/bin/node',
1 verbose cli   '/usr/local/bin/npm',
1 verbose cli   'start' ]
2 info using npm@1.3.14
3 info using node@v0.10.22
4 verbose run-script [ 'prestart', 'start', 'poststart' ]
5 info prestart messenger-get-started@1.0.0
6 info start messenger-get-started@1.0.0
7 verbose unsafe-perm in lifecycle true
8 info messenger-get-started@1.0.0 Failed to exec start script
9 error messenger-get-started@1.0.0 start: `node app.js`
9 error Exit status 8
10 error Failed at the messenger-get-started@1.0.0 start script.
10 error This is most likely a problem with the messenger-get-started package,
10 error not with npm itself.
10 error Tell the author that this fails on your system:
10 error     node app.js
10 error You can get their info via:
10 error     npm owner ls messenger-get-started
10 error There is likely additional logging output above.
11 error System Darwin 13.4.0
12 error command "/usr/local/Cellar/node/0.10.22/bin/node" "/usr/local/bin/npm" "start"
13 error cwd /Users/costini/GitHub/stunningDesigns
14 error node -v v0.10.22
15 error npm -v 1.3.14
16 error code ELIFECYCLE
17 verbose exit [ 1, true ]
